{"/Users/abrahamkim/Desktop/odm_fe/src/App.vue": {"path":"/Users/abrahamkim/Desktop/odm_fe/src/App.vue","statementMap":{"0":{"start":{"line":21,"column":0},"end":{"line":21,"column":null}},"1":{"start":{"line":22,"column":0},"end":{"line":22,"column":null}},"2":{"start":{"line":30,"column":0},"end":{"line":30,"column":null}}},"fnMap":{"0":{"name":"(anonymous_1)","decl":{"start":{"line":29,"column":0},"end":{"line":29,"column":null}},"loc":{"start":{"line":29,"column":0},"end":{"line":31,"column":null}}}},"branchMap":{},"s":{"0":0,"1":0,"2":0},"f":{"0":0},"b":{}}
,"/Users/abrahamkim/Desktop/odm_fe/src/components/posts/NewPost.vue": {"path":"/Users/abrahamkim/Desktop/odm_fe/src/components/posts/NewPost.vue","statementMap":{"0":{"start":{"line":10,"column":0},"end":{"line":10,"column":null}},"1":{"start":{"line":18,"column":0},"end":{"line":18,"column":null}}},"fnMap":{"0":{"name":"(anonymous_1)","decl":{"start":{"line":17,"column":0},"end":{"line":17,"column":null}},"loc":{"start":{"line":17,"column":0},"end":{"line":19,"column":null}}},"1":{"name":"(anonymous_2)","decl":{"start":{"line":20,"column":0},"end":{"line":20,"column":null}},"loc":{"start":{"line":20,"column":0},"end":{"line":20,"column":null}}}},"branchMap":{},"s":{"0":0,"1":0},"f":{"0":0,"1":0},"b":{}}
,"/Users/abrahamkim/Desktop/odm_fe/src/components/posts/PostIndex.vue": {"path":"/Users/abrahamkim/Desktop/odm_fe/src/components/posts/PostIndex.vue","statementMap":{"0":{"start":{"line":100,"column":0},"end":{"line":100,"column":null}},"1":{"start":{"line":105,"column":0},"end":{"line":105,"column":null}},"2":{"start":{"line":108,"column":0},"end":{"line":108,"column":null}},"3":{"start":{"line":114,"column":0},"end":{"line":114,"column":null}},"4":{"start":{"line":117,"column":0},"end":{"line":117,"column":null}},"5":{"start":{"line":118,"column":0},"end":{"line":125,"column":null}},"6":{"start":{"line":119,"column":0},"end":{"line":121,"column":null}},"7":{"start":{"line":120,"column":0},"end":{"line":120,"column":null}},"8":{"start":{"line":122,"column":0},"end":{"line":122,"column":null}},"9":{"start":{"line":124,"column":0},"end":{"line":124,"column":null}}},"fnMap":{"0":{"name":"(anonymous_1)","decl":{"start":{"line":104,"column":0},"end":{"line":104,"column":null}},"loc":{"start":{"line":104,"column":0},"end":{"line":106,"column":null}}},"1":{"name":"(anonymous_2)","decl":{"start":{"line":107,"column":0},"end":{"line":107,"column":null}},"loc":{"start":{"line":107,"column":0},"end":{"line":109,"column":null}}},"2":{"name":"(anonymous_3)","decl":{"start":{"line":113,"column":0},"end":{"line":113,"column":null}},"loc":{"start":{"line":113,"column":0},"end":{"line":115,"column":null}}},"3":{"name":"(anonymous_4)","decl":{"start":{"line":116,"column":0},"end":{"line":116,"column":null}},"loc":{"start":{"line":116,"column":0},"end":{"line":126,"column":null}}}},"branchMap":{"0":{"loc":{"start":{"line":119,"column":0},"end":{"line":121,"column":null}},"type":"if","locations":[{"start":{"line":119,"column":0},"end":{"line":121,"column":null}},{"start":{"line":119,"column":0},"end":{"line":121,"column":null}}]}},"s":{"0":1,"1":0,"2":0,"3":0,"4":0,"5":0,"6":0,"7":0,"8":0,"9":0},"f":{"0":0,"1":0,"2":0,"3":0},"b":{"0":[0,0]}}
,"/Users/abrahamkim/Desktop/odm_fe/src/components/posts/ViewPost.vue": {"path":"/Users/abrahamkim/Desktop/odm_fe/src/components/posts/ViewPost.vue","statementMap":{"0":{"start":{"line":71,"column":0},"end":{"line":71,"column":null}},"1":{"start":{"line":72,"column":0},"end":{"line":72,"column":null}},"2":{"start":{"line":80,"column":0},"end":{"line":80,"column":null}},"3":{"start":{"line":85,"column":0},"end":{"line":85,"column":null}},"4":{"start":{"line":91,"column":0},"end":{"line":98,"column":null}},"5":{"start":{"line":92,"column":0},"end":{"line":94,"column":null}},"6":{"start":{"line":93,"column":0},"end":{"line":93,"column":null}},"7":{"start":{"line":95,"column":0},"end":{"line":95,"column":null}},"8":{"start":{"line":97,"column":0},"end":{"line":97,"column":null}}},"fnMap":{"0":{"name":"(anonymous_1)","decl":{"start":{"line":79,"column":0},"end":{"line":79,"column":null}},"loc":{"start":{"line":79,"column":0},"end":{"line":83,"column":null}}},"1":{"name":"(anonymous_2)","decl":{"start":{"line":84,"column":0},"end":{"line":84,"column":null}},"loc":{"start":{"line":84,"column":0},"end":{"line":86,"column":null}}},"2":{"name":"(anonymous_3)","decl":{"start":{"line":90,"column":0},"end":{"line":90,"column":null}},"loc":{"start":{"line":90,"column":0},"end":{"line":99,"column":null}}}},"branchMap":{"0":{"loc":{"start":{"line":92,"column":0},"end":{"line":94,"column":null}},"type":"if","locations":[{"start":{"line":92,"column":0},"end":{"line":94,"column":null}},{"start":{"line":92,"column":0},"end":{"line":94,"column":null}}]}},"s":{"0":0,"1":0,"2":0,"3":0,"4":0,"5":0,"6":0,"7":0,"8":0},"f":{"0":0,"1":0,"2":0},"b":{"0":[0,0]}}
,"/Users/abrahamkim/Desktop/odm_fe/src/components/users/Login.vue": {"path":"/Users/abrahamkim/Desktop/odm_fe/src/components/users/Login.vue","statementMap":{"0":{"start":{"line":113,"column":0},"end":{"line":113,"column":null}},"1":{"start":{"line":118,"column":0},"end":{"line":118,"column":null}},"2":{"start":{"line":127,"column":0},"end":{"line":127,"column":null}},"3":{"start":{"line":131,"column":0},"end":{"line":146,"column":null}},"4":{"start":{"line":134,"column":0},"end":{"line":134,"column":null}},"5":{"start":{"line":137,"column":0},"end":{"line":137,"column":null}},"6":{"start":{"line":138,"column":0},"end":{"line":138,"column":null}},"7":{"start":{"line":140,"column":0},"end":{"line":140,"column":null}},"8":{"start":{"line":143,"column":0},"end":{"line":143,"column":null}},"9":{"start":{"line":144,"column":0},"end":{"line":144,"column":null}},"10":{"start":{"line":145,"column":0},"end":{"line":145,"column":null}}},"fnMap":{"0":{"name":"(anonymous_1)","decl":{"start":{"line":117,"column":0},"end":{"line":117,"column":null}},"loc":{"start":{"line":117,"column":0},"end":{"line":123,"column":null}}},"1":{"name":"(anonymous_2)","decl":{"start":{"line":124,"column":0},"end":{"line":124,"column":null}},"loc":{"start":{"line":124,"column":0},"end":{"line":124,"column":null}}},"2":{"name":"(anonymous_3)","decl":{"start":{"line":126,"column":0},"end":{"line":126,"column":null}},"loc":{"start":{"line":126,"column":0},"end":{"line":147,"column":null}}},"3":{"name":"(anonymous_4)","decl":{"start":{"line":131,"column":0},"end":{"line":131,"column":null}},"loc":{"start":{"line":131,"column":0},"end":{"line":141,"column":null}}},"4":{"name":"(anonymous_5)","decl":{"start":{"line":141,"column":0},"end":{"line":141,"column":null}},"loc":{"start":{"line":141,"column":0},"end":{"line":146,"column":null}}}},"branchMap":{},"s":{"0":0,"1":0,"2":0,"3":0,"4":0,"5":0,"6":0,"7":0,"8":0,"9":0,"10":0},"f":{"0":0,"1":0,"2":0,"3":0,"4":0},"b":{}}
,"/Users/abrahamkim/Desktop/odm_fe/src/components/users/Logout.vue": {"path":"/Users/abrahamkim/Desktop/odm_fe/src/components/users/Logout.vue","statementMap":{"0":{"start":{"line":8,"column":0},"end":{"line":8,"column":null}},"1":{"start":{"line":12,"column":0},"end":{"line":12,"column":null}},"2":{"start":{"line":13,"column":0},"end":{"line":13,"column":null}},"3":{"start":{"line":14,"column":0},"end":{"line":14,"column":null}},"4":{"start":{"line":15,"column":0},"end":{"line":15,"column":null}},"5":{"start":{"line":16,"column":0},"end":{"line":16,"column":null}}},"fnMap":{"0":{"name":"(anonymous_1)","decl":{"start":{"line":11,"column":0},"end":{"line":11,"column":null}},"loc":{"start":{"line":11,"column":0},"end":{"line":17,"column":null}}}},"branchMap":{},"s":{"0":0,"1":0,"2":0,"3":0,"4":0,"5":0},"f":{"0":0},"b":{}}
,"/Users/abrahamkim/Desktop/odm_fe/src/components/users/Signup.vue": {"path":"/Users/abrahamkim/Desktop/odm_fe/src/components/users/Signup.vue","statementMap":{"0":{"start":{"line":171,"column":0},"end":{"line":171,"column":null}},"1":{"start":{"line":176,"column":0},"end":{"line":176,"column":null}},"2":{"start":{"line":191,"column":0},"end":{"line":219,"column":null}},"3":{"start":{"line":197,"column":0},"end":{"line":210,"column":null}},"4":{"start":{"line":201,"column":0},"end":{"line":209,"column":null}},"5":{"start":{"line":204,"column":0},"end":{"line":204,"column":null}},"6":{"start":{"line":205,"column":0},"end":{"line":205,"column":null}},"7":{"start":{"line":208,"column":0},"end":{"line":208,"column":null}},"8":{"start":{"line":212,"column":0},"end":{"line":212,"column":null}},"9":{"start":{"line":213,"column":0},"end":{"line":213,"column":null}},"10":{"start":{"line":214,"column":0},"end":{"line":214,"column":null}},"11":{"start":{"line":215,"column":0},"end":{"line":215,"column":null}},"12":{"start":{"line":216,"column":0},"end":{"line":216,"column":null}},"13":{"start":{"line":217,"column":0},"end":{"line":217,"column":null}},"14":{"start":{"line":218,"column":0},"end":{"line":218,"column":null}}},"fnMap":{"0":{"name":"(anonymous_1)","decl":{"start":{"line":175,"column":0},"end":{"line":175,"column":null}},"loc":{"start":{"line":175,"column":0},"end":{"line":187,"column":null}}},"1":{"name":"(anonymous_2)","decl":{"start":{"line":188,"column":0},"end":{"line":188,"column":null}},"loc":{"start":{"line":188,"column":0},"end":{"line":188,"column":null}}},"2":{"name":"(anonymous_3)","decl":{"start":{"line":190,"column":0},"end":{"line":190,"column":null}},"loc":{"start":{"line":190,"column":0},"end":{"line":220,"column":null}}},"3":{"name":"(anonymous_4)","decl":{"start":{"line":201,"column":0},"end":{"line":201,"column":null}},"loc":{"start":{"line":201,"column":0},"end":{"line":206,"column":null}}},"4":{"name":"(anonymous_5)","decl":{"start":{"line":206,"column":0},"end":{"line":206,"column":null}},"loc":{"start":{"line":206,"column":0},"end":{"line":209,"column":null}}}},"branchMap":{"0":{"loc":{"start":{"line":191,"column":0},"end":{"line":219,"column":null}},"type":"if","locations":[{"start":{"line":191,"column":0},"end":{"line":219,"column":null}},{"start":{"line":191,"column":0},"end":{"line":219,"column":null}}]},"1":{"loc":{"start":{"line":191,"column":0},"end":{"line":191,"column":null}},"type":"binary-expr","locations":[{"start":{"line":191,"column":0},"end":{"line":191,"column":null}},{"start":{"line":191,"column":0},"end":{"line":191,"column":null}},{"start":{"line":191,"column":0},"end":{"line":191,"column":null}},{"start":{"line":191,"column":0},"end":{"line":191,"column":null}}]},"2":{"loc":{"start":{"line":197,"column":0},"end":{"line":210,"column":null}},"type":"if","locations":[{"start":{"line":197,"column":0},"end":{"line":210,"column":null}},{"start":{"line":197,"column":0},"end":{"line":210,"column":null}}]}},"s":{"0":0,"1":0,"2":0,"3":0,"4":0,"5":0,"6":0,"7":0,"8":0,"9":0,"10":0,"11":0,"12":0,"13":0,"14":0},"f":{"0":0,"1":0,"2":0,"3":0,"4":0},"b":{"0":[0,0],"1":[0,0,0,0],"2":[0,0]}}
,"/Users/abrahamkim/Desktop/odm_fe/src/layout/Comments.vue": {"path":"/Users/abrahamkim/Desktop/odm_fe/src/layout/Comments.vue","statementMap":{"0":{"start":{"line":61,"column":0},"end":{"line":61,"column":null}},"1":{"start":{"line":66,"column":0},"end":{"line":66,"column":null}},"2":{"start":{"line":74,"column":0},"end":{"line":74,"column":null}},"3":{"start":{"line":80,"column":0},"end":{"line":84,"column":null}},"4":{"start":{"line":81,"column":0},"end":{"line":81,"column":null}},"5":{"start":{"line":83,"column":0},"end":{"line":83,"column":null}}},"fnMap":{"0":{"name":"(anonymous_1)","decl":{"start":{"line":65,"column":0},"end":{"line":65,"column":null}},"loc":{"start":{"line":65,"column":0},"end":{"line":72,"column":null}}},"1":{"name":"(anonymous_2)","decl":{"start":{"line":73,"column":0},"end":{"line":73,"column":null}},"loc":{"start":{"line":73,"column":0},"end":{"line":75,"column":null}}},"2":{"name":"(anonymous_3)","decl":{"start":{"line":79,"column":0},"end":{"line":79,"column":null}},"loc":{"start":{"line":79,"column":0},"end":{"line":85,"column":null}}}},"branchMap":{"0":{"loc":{"start":{"line":80,"column":0},"end":{"line":84,"column":null}},"type":"if","locations":[{"start":{"line":80,"column":0},"end":{"line":84,"column":null}},{"start":{"line":80,"column":0},"end":{"line":84,"column":null}}]}},"s":{"0":0,"1":0,"2":0,"3":0,"4":0,"5":0},"f":{"0":0,"1":0,"2":0},"b":{"0":[0,0]}}
,"/Users/abrahamkim/Desktop/odm_fe/src/layout/MainFooter.vue": {"path":"/Users/abrahamkim/Desktop/odm_fe/src/layout/MainFooter.vue","statementMap":{"0":{"start":{"line":37,"column":0},"end":{"line":37,"column":null}}},"fnMap":{"0":{"name":"(anonymous_1)","decl":{"start":{"line":36,"column":0},"end":{"line":36,"column":null}},"loc":{"start":{"line":36,"column":0},"end":{"line":38,"column":null}}}},"branchMap":{},"s":{"0":0},"f":{"0":0},"b":{}}
,"/Users/abrahamkim/Desktop/odm_fe/src/layout/MainHeader.vue": {"path":"/Users/abrahamkim/Desktop/odm_fe/src/layout/MainHeader.vue","statementMap":{"0":{"start":{"line":71,"column":0},"end":{"line":71,"column":null}},"1":{"start":{"line":76,"column":0},"end":{"line":76,"column":null}},"2":{"start":{"line":81,"column":0},"end":{"line":81,"column":null}},"3":{"start":{"line":82,"column":0},"end":{"line":82,"column":null}},"4":{"start":{"line":83,"column":0},"end":{"line":83,"column":null}},"5":{"start":{"line":84,"column":0},"end":{"line":84,"column":null}},"6":{"start":{"line":85,"column":0},"end":{"line":85,"column":null}}},"fnMap":{"0":{"name":"(anonymous_1)","decl":{"start":{"line":75,"column":0},"end":{"line":75,"column":null}},"loc":{"start":{"line":75,"column":0},"end":{"line":77,"column":null}}},"1":{"name":"(anonymous_2)","decl":{"start":{"line":78,"column":0},"end":{"line":78,"column":null}},"loc":{"start":{"line":78,"column":0},"end":{"line":78,"column":null}}},"2":{"name":"(anonymous_3)","decl":{"start":{"line":80,"column":0},"end":{"line":80,"column":null}},"loc":{"start":{"line":80,"column":0},"end":{"line":86,"column":null}}}},"branchMap":{},"s":{"0":0,"1":0,"2":0,"3":0,"4":0,"5":0,"6":0},"f":{"0":0,"1":0,"2":0},"b":{}}
,"/Users/abrahamkim/Desktop/odm_fe/src/layout/PostForm.vue": {"path":"/Users/abrahamkim/Desktop/odm_fe/src/layout/PostForm.vue","statementMap":{"0":{"start":{"line":86,"column":0},"end":{"line":86,"column":null}},"1":{"start":{"line":91,"column":0},"end":{"line":91,"column":null}},"2":{"start":{"line":101,"column":0},"end":{"line":104,"column":null}},"3":{"start":{"line":102,"column":0},"end":{"line":102,"column":null}},"4":{"start":{"line":103,"column":0},"end":{"line":103,"column":null}},"5":{"start":{"line":109,"column":0},"end":{"line":111,"column":null}},"6":{"start":{"line":110,"column":0},"end":{"line":110,"column":null}},"7":{"start":{"line":114,"column":0},"end":{"line":114,"column":null}},"8":{"start":{"line":115,"column":0},"end":{"line":115,"column":null}},"9":{"start":{"line":116,"column":0},"end":{"line":116,"column":null}},"10":{"start":{"line":117,"column":0},"end":{"line":117,"column":null}},"11":{"start":{"line":118,"column":0},"end":{"line":118,"column":null}}},"fnMap":{"0":{"name":"(anonymous_1)","decl":{"start":{"line":90,"column":0},"end":{"line":90,"column":null}},"loc":{"start":{"line":90,"column":0},"end":{"line":99,"column":null}}},"1":{"name":"(anonymous_2)","decl":{"start":{"line":100,"column":0},"end":{"line":100,"column":null}},"loc":{"start":{"line":100,"column":0},"end":{"line":105,"column":null}}},"2":{"name":"(anonymous_3)","decl":{"start":{"line":108,"column":0},"end":{"line":108,"column":null}},"loc":{"start":{"line":108,"column":0},"end":{"line":112,"column":null}}},"3":{"name":"(anonymous_4)","decl":{"start":{"line":113,"column":0},"end":{"line":113,"column":null}},"loc":{"start":{"line":113,"column":0},"end":{"line":119,"column":null}}}},"branchMap":{"0":{"loc":{"start":{"line":101,"column":0},"end":{"line":104,"column":null}},"type":"if","locations":[{"start":{"line":101,"column":0},"end":{"line":104,"column":null}},{"start":{"line":101,"column":0},"end":{"line":104,"column":null}}]},"1":{"loc":{"start":{"line":109,"column":0},"end":{"line":111,"column":null}},"type":"if","locations":[{"start":{"line":109,"column":0},"end":{"line":111,"column":null}},{"start":{"line":109,"column":0},"end":{"line":111,"column":null}}]}},"s":{"0":0,"1":0,"2":0,"3":0,"4":0,"5":0,"6":0,"7":0,"8":0,"9":0,"10":0,"11":0},"f":{"0":0,"1":0,"2":0,"3":0},"b":{"0":[0,0],"1":[0,0]}}
,"/Users/abrahamkim/Desktop/odm_fe/src/router/index.js": {"path":"/Users/abrahamkim/Desktop/odm_fe/src/router/index.js","statementMap":{"0":{"start":{"line":5,"column":0},"end":{"line":5,"column":19}},"1":{"start":{"line":7,"column":15},"end":{"line":48,"column":1}},"2":{"start":{"line":17,"column":6},"end":{"line":17,"column":72}},"3":{"start":{"line":23,"column":6},"end":{"line":23,"column":77}},"4":{"start":{"line":29,"column":6},"end":{"line":31,"column":7}},"5":{"start":{"line":37,"column":6},"end":{"line":39,"column":7}},"6":{"start":{"line":46,"column":6},"end":{"line":46,"column":79}},"7":{"start":{"line":50,"column":15},"end":{"line":54,"column":2}}},"fnMap":{"0":{"name":"(anonymous_0)","decl":{"start":{"line":16,"column":15},"end":{"line":16,"column":16}},"loc":{"start":{"line":17,"column":6},"end":{"line":17,"column":72}},"line":17},"1":{"name":"(anonymous_1)","decl":{"start":{"line":22,"column":15},"end":{"line":22,"column":16}},"loc":{"start":{"line":23,"column":6},"end":{"line":23,"column":77}},"line":23},"2":{"name":"(anonymous_2)","decl":{"start":{"line":28,"column":15},"end":{"line":28,"column":16}},"loc":{"start":{"line":29,"column":6},"end":{"line":31,"column":7}},"line":29},"3":{"name":"(anonymous_3)","decl":{"start":{"line":36,"column":15},"end":{"line":36,"column":16}},"loc":{"start":{"line":37,"column":6},"end":{"line":39,"column":7}},"line":37},"4":{"name":"(anonymous_4)","decl":{"start":{"line":45,"column":15},"end":{"line":45,"column":16}},"loc":{"start":{"line":46,"column":6},"end":{"line":46,"column":79}},"line":46}},"branchMap":{},"s":{"0":0,"1":0,"2":0,"3":0,"4":0,"5":0,"6":0,"7":0},"f":{"0":0,"1":0,"2":0,"3":0,"4":0},"b":{},"hash":"ea0f93d4b46b2401deae1dbf6cd4a13be9a791d2"}
,"/Users/abrahamkim/Desktop/odm_fe/src/store/index.js": {"path":"/Users/abrahamkim/Desktop/odm_fe/src/store/index.js","statementMap":{"0":{"start":{"line":6,"column":0},"end":{"line":6,"column":14}},"1":{"start":{"line":15,"column":23},"end":{"line":15,"column":34}},"2":{"start":{"line":16,"column":22},"end":{"line":16,"column":32}},"3":{"start":{"line":17,"column":22},"end":{"line":17,"column":32}},"4":{"start":{"line":21,"column":17},"end":{"line":21,"column":19}},"5":{"start":{"line":22,"column":6},"end":{"line":30,"column":7}},"6":{"start":{"line":23,"column":8},"end":{"line":26,"column":11}},"7":{"start":{"line":24,"column":10},"end":{"line":24,"column":31}},"8":{"start":{"line":25,"column":10},"end":{"line":25,"column":35}},"9":{"start":{"line":29,"column":8},"end":{"line":29,"column":15}},"10":{"start":{"line":33,"column":17},"end":{"line":35,"column":8}},"11":{"start":{"line":34,"column":8},"end":{"line":34,"column":17}},"12":{"start":{"line":36,"column":6},"end":{"line":36,"column":25}},"13":{"start":{"line":37,"column":6},"end":{"line":50,"column":7}},"14":{"start":{"line":38,"column":19},"end":{"line":38,"column":21}},"15":{"start":{"line":39,"column":8},"end":{"line":46,"column":11}},"16":{"start":{"line":40,"column":10},"end":{"line":40,"column":31}},"17":{"start":{"line":41,"column":10},"end":{"line":45,"column":13}},"18":{"start":{"line":42,"column":12},"end":{"line":42,"column":35}},"19":{"start":{"line":43,"column":12},"end":{"line":43,"column":37}},"20":{"start":{"line":44,"column":12},"end":{"line":44,"column":29}},"21":{"start":{"line":49,"column":8},"end":{"line":49,"column":15}},"22":{"start":{"line":53,"column":6},"end":{"line":60,"column":7}},"23":{"start":{"line":54,"column":8},"end":{"line":56,"column":11}},"24":{"start":{"line":55,"column":10},"end":{"line":55,"column":33}},"25":{"start":{"line":59,"column":8},"end":{"line":59,"column":15}},"26":{"start":{"line":63,"column":6},"end":{"line":70,"column":7}},"27":{"start":{"line":64,"column":8},"end":{"line":66,"column":11}},"28":{"start":{"line":65,"column":10},"end":{"line":65,"column":33}},"29":{"start":{"line":69,"column":8},"end":{"line":69,"column":15}},"30":{"start":{"line":73,"column":17},"end":{"line":73,"column":19}},"31":{"start":{"line":74,"column":6},"end":{"line":84,"column":7}},"32":{"start":{"line":75,"column":8},"end":{"line":80,"column":13}},"33":{"start":{"line":78,"column":12},"end":{"line":78,"column":33}},"34":{"start":{"line":79,"column":12},"end":{"line":79,"column":36}},"35":{"start":{"line":83,"column":8},"end":{"line":83,"column":15}},"36":{"start":{"line":87,"column":17},"end":{"line":87,"column":19}},"37":{"start":{"line":88,"column":6},"end":{"line":96,"column":7}},"38":{"start":{"line":89,"column":8},"end":{"line":92,"column":11}},"39":{"start":{"line":90,"column":10},"end":{"line":90,"column":31}},"40":{"start":{"line":91,"column":10},"end":{"line":91,"column":34}},"41":{"start":{"line":95,"column":8},"end":{"line":95,"column":15}},"42":{"start":{"line":99,"column":6},"end":{"line":110,"column":7}},"43":{"start":{"line":100,"column":8},"end":{"line":107,"column":9}},"44":{"start":{"line":101,"column":10},"end":{"line":101,"column":53}},"45":{"start":{"line":103,"column":10},"end":{"line":106,"column":13}},"46":{"start":{"line":104,"column":12},"end":{"line":104,"column":51}},"47":{"start":{"line":105,"column":12},"end":{"line":105,"column":30}},"48":{"start":{"line":109,"column":8},"end":{"line":109,"column":15}},"49":{"start":{"line":114,"column":33},"end":{"line":114,"column":52}},"50":{"start":{"line":115,"column":31},"end":{"line":115,"column":48}},"51":{"start":{"line":116,"column":31},"end":{"line":116,"column":48}}},"fnMap":{"0":{"name":"(anonymous_0)","decl":{"start":{"line":15,"column":14},"end":{"line":15,"column":15}},"loc":{"start":{"line":15,"column":23},"end":{"line":15,"column":34}},"line":15},"1":{"name":"(anonymous_1)","decl":{"start":{"line":16,"column":13},"end":{"line":16,"column":14}},"loc":{"start":{"line":16,"column":22},"end":{"line":16,"column":32}},"line":16},"2":{"name":"(anonymous_2)","decl":{"start":{"line":17,"column":13},"end":{"line":17,"column":14}},"loc":{"start":{"line":17,"column":22},"end":{"line":17,"column":32}},"line":17},"3":{"name":"(anonymous_3)","decl":{"start":{"line":20,"column":4},"end":{"line":20,"column":5}},"loc":{"start":{"line":20,"column":33},"end":{"line":31,"column":5}},"line":20},"4":{"name":"(anonymous_4)","decl":{"start":{"line":23,"column":37},"end":{"line":23,"column":38}},"loc":{"start":{"line":23,"column":49},"end":{"line":26,"column":9}},"line":23},"5":{"name":"(anonymous_5)","decl":{"start":{"line":32,"column":4},"end":{"line":32,"column":5}},"loc":{"start":{"line":32,"column":39},"end":{"line":51,"column":5}},"line":32},"6":{"name":"(anonymous_6)","decl":{"start":{"line":33,"column":38},"end":{"line":33,"column":39}},"loc":{"start":{"line":33,"column":43},"end":{"line":35,"column":7}},"line":33},"7":{"name":"(anonymous_7)","decl":{"start":{"line":39,"column":47},"end":{"line":39,"column":48}},"loc":{"start":{"line":39,"column":59},"end":{"line":46,"column":9}},"line":39},"8":{"name":"(anonymous_8)","decl":{"start":{"line":41,"column":61},"end":{"line":41,"column":62}},"loc":{"start":{"line":41,"column":67},"end":{"line":45,"column":11}},"line":41},"9":{"name":"(anonymous_9)","decl":{"start":{"line":52,"column":4},"end":{"line":52,"column":5}},"loc":{"start":{"line":52,"column":35},"end":{"line":61,"column":5}},"line":52},"10":{"name":"(anonymous_10)","decl":{"start":{"line":54,"column":51},"end":{"line":54,"column":52}},"loc":{"start":{"line":54,"column":57},"end":{"line":56,"column":9}},"line":54},"11":{"name":"(anonymous_11)","decl":{"start":{"line":62,"column":4},"end":{"line":62,"column":5}},"loc":{"start":{"line":62,"column":37},"end":{"line":71,"column":5}},"line":62},"12":{"name":"(anonymous_12)","decl":{"start":{"line":64,"column":53},"end":{"line":64,"column":54}},"loc":{"start":{"line":64,"column":59},"end":{"line":66,"column":9}},"line":64},"13":{"name":"(anonymous_13)","decl":{"start":{"line":72,"column":4},"end":{"line":72,"column":5}},"loc":{"start":{"line":72,"column":32},"end":{"line":85,"column":5}},"line":72},"14":{"name":"(anonymous_14)","decl":{"start":{"line":77,"column":16},"end":{"line":77,"column":17}},"loc":{"start":{"line":77,"column":28},"end":{"line":80,"column":11}},"line":77},"15":{"name":"(anonymous_15)","decl":{"start":{"line":86,"column":4},"end":{"line":86,"column":5}},"loc":{"start":{"line":86,"column":36},"end":{"line":97,"column":5}},"line":86},"16":{"name":"(anonymous_16)","decl":{"start":{"line":89,"column":43},"end":{"line":89,"column":44}},"loc":{"start":{"line":89,"column":55},"end":{"line":92,"column":9}},"line":89},"17":{"name":"(anonymous_17)","decl":{"start":{"line":98,"column":4},"end":{"line":98,"column":5}},"loc":{"start":{"line":98,"column":44},"end":{"line":111,"column":5}},"line":98},"18":{"name":"(anonymous_18)","decl":{"start":{"line":103,"column":52},"end":{"line":103,"column":53}},"loc":{"start":{"line":103,"column":58},"end":{"line":106,"column":11}},"line":103},"19":{"name":"(anonymous_19)","decl":{"start":{"line":114,"column":14},"end":{"line":114,"column":15}},"loc":{"start":{"line":114,"column":33},"end":{"line":114,"column":52}},"line":114},"20":{"name":"(anonymous_20)","decl":{"start":{"line":115,"column":13},"end":{"line":115,"column":14}},"loc":{"start":{"line":115,"column":31},"end":{"line":115,"column":48}},"line":115},"21":{"name":"(anonymous_21)","decl":{"start":{"line":116,"column":13},"end":{"line":116,"column":14}},"loc":{"start":{"line":116,"column":31},"end":{"line":116,"column":48}},"line":116}},"branchMap":{"0":{"loc":{"start":{"line":100,"column":8},"end":{"line":107,"column":9}},"type":"if","locations":[{"start":{"line":100,"column":8},"end":{"line":107,"column":9}},{"start":{"line":100,"column":8},"end":{"line":107,"column":9}}],"line":100}},"s":{"0":0,"1":0,"2":0,"3":0,"4":0,"5":0,"6":0,"7":0,"8":0,"9":0,"10":0,"11":0,"12":0,"13":0,"14":0,"15":0,"16":0,"17":0,"18":0,"19":0,"20":0,"21":0,"22":0,"23":0,"24":0,"25":0,"26":0,"27":0,"28":0,"29":0,"30":0,"31":0,"32":0,"33":0,"34":0,"35":0,"36":0,"37":0,"38":0,"39":0,"40":0,"41":0,"42":0,"43":0,"44":0,"45":0,"46":0,"47":0,"48":0,"49":0,"50":0,"51":0},"f":{"0":0,"1":0,"2":0,"3":0,"4":0,"5":0,"6":0,"7":0,"8":0,"9":0,"10":0,"11":0,"12":0,"13":0,"14":0,"15":0,"16":0,"17":0,"18":0,"19":0,"20":0,"21":0},"b":{"0":[0,0]},"hash":"204bd0e8f43a2ef0b9e6184d435f531cd123d43a"}
,"/Users/abrahamkim/Desktop/odm_fe/src/views/Home.vue": {"path":"/Users/abrahamkim/Desktop/odm_fe/src/views/Home.vue","statementMap":{"0":{"start":{"line":25,"column":0},"end":{"line":25,"column":null}},"1":{"start":{"line":33,"column":0},"end":{"line":33,"column":null}}},"fnMap":{"0":{"name":"(anonymous_1)","decl":{"start":{"line":32,"column":0},"end":{"line":32,"column":null}},"loc":{"start":{"line":32,"column":0},"end":{"line":34,"column":null}}},"1":{"name":"(anonymous_2)","decl":{"start":{"line":36,"column":0},"end":{"line":36,"column":null}},"loc":{"start":{"line":36,"column":0},"end":{"line":36,"column":null}}}},"branchMap":{},"s":{"0":0,"1":0},"f":{"0":0,"1":0},"b":{}}
,"/Users/abrahamkim/Desktop/odm_fe/src/views/UserPage.vue": {"path":"/Users/abrahamkim/Desktop/odm_fe/src/views/UserPage.vue","statementMap":{"0":{"start":{"line":15,"column":0},"end":{"line":15,"column":null}},"1":{"start":{"line":20,"column":0},"end":{"line":20,"column":null}},"2":{"start":{"line":27,"column":0},"end":{"line":27,"column":null}},"3":{"start":{"line":28,"column":0},"end":{"line":28,"column":null}}},"fnMap":{"0":{"name":"(anonymous_1)","decl":{"start":{"line":19,"column":0},"end":{"line":19,"column":null}},"loc":{"start":{"line":19,"column":0},"end":{"line":21,"column":null}}},"1":{"name":"(anonymous_2)","decl":{"start":{"line":26,"column":0},"end":{"line":26,"column":null}},"loc":{"start":{"line":26,"column":0},"end":{"line":29,"column":null}}}},"branchMap":{},"s":{"0":0,"1":0,"2":0,"3":0},"f":{"0":0,"1":0},"b":{}}
}
