TN:
SF:/Users/abrahamkim/Desktop/odm_fe/src/App.vue
FN:29,(anonymous_1)
FNF:1
FNH:0
FNDA:0,(anonymous_1)
DA:21,0
DA:22,0
DA:30,0
LF:3
LH:0
BRF:0
BRH:0
end_of_record
TN:
SF:/Users/abrahamkim/Desktop/odm_fe/src/components/posts/NewPost.vue
FN:17,(anonymous_1)
FN:20,(anonymous_2)
FNF:2
FNH:0
FNDA:0,(anonymous_1)
FNDA:0,(anonymous_2)
DA:10,0
DA:18,0
LF:2
LH:0
BRF:0
BRH:0
end_of_record
TN:
SF:/Users/abrahamkim/Desktop/odm_fe/src/components/posts/PostIndex.vue
FN:104,(anonymous_1)
FN:107,(anonymous_2)
FN:113,(anonymous_3)
FN:116,(anonymous_4)
FNF:4
FNH:0
FNDA:0,(anonymous_1)
FNDA:0,(anonymous_2)
FNDA:0,(anonymous_3)
FNDA:0,(anonymous_4)
DA:100,1
DA:105,0
DA:108,0
DA:114,0
DA:117,0
DA:118,0
DA:119,0
DA:120,0
DA:122,0
DA:124,0
LF:10
LH:1
BRDA:119,0,0,0
BRDA:119,0,1,0
BRF:2
BRH:0
end_of_record
TN:
SF:/Users/abrahamkim/Desktop/odm_fe/src/components/posts/ViewPost.vue
FN:79,(anonymous_1)
FN:84,(anonymous_2)
FN:90,(anonymous_3)
FNF:3
FNH:0
FNDA:0,(anonymous_1)
FNDA:0,(anonymous_2)
FNDA:0,(anonymous_3)
DA:71,0
DA:72,0
DA:80,0
DA:85,0
DA:91,0
DA:92,0
DA:93,0
DA:95,0
DA:97,0
LF:9
LH:0
BRDA:92,0,0,0
BRDA:92,0,1,0
BRF:2
BRH:0
end_of_record
TN:
SF:/Users/abrahamkim/Desktop/odm_fe/src/components/users/Login.vue
FN:117,(anonymous_1)
FN:124,(anonymous_2)
FN:126,(anonymous_3)
FN:131,(anonymous_4)
FN:141,(anonymous_5)
FNF:5
FNH:0
FNDA:0,(anonymous_1)
FNDA:0,(anonymous_2)
FNDA:0,(anonymous_3)
FNDA:0,(anonymous_4)
FNDA:0,(anonymous_5)
DA:113,0
DA:118,0
DA:127,0
DA:131,0
DA:134,0
DA:137,0
DA:138,0
DA:140,0
DA:143,0
DA:144,0
DA:145,0
LF:11
LH:0
BRF:0
BRH:0
end_of_record
TN:
SF:/Users/abrahamkim/Desktop/odm_fe/src/components/users/Logout.vue
FN:11,(anonymous_1)
FNF:1
FNH:0
FNDA:0,(anonymous_1)
DA:8,0
DA:12,0
DA:13,0
DA:14,0
DA:15,0
DA:16,0
LF:6
LH:0
BRF:0
BRH:0
end_of_record
TN:
SF:/Users/abrahamkim/Desktop/odm_fe/src/components/users/Signup.vue
FN:175,(anonymous_1)
FN:188,(anonymous_2)
FN:190,(anonymous_3)
FN:201,(anonymous_4)
FN:206,(anonymous_5)
FNF:5
FNH:0
FNDA:0,(anonymous_1)
FNDA:0,(anonymous_2)
FNDA:0,(anonymous_3)
FNDA:0,(anonymous_4)
FNDA:0,(anonymous_5)
DA:171,0
DA:176,0
DA:191,0
DA:197,0
DA:201,0
DA:204,0
DA:205,0
DA:208,0
DA:212,0
DA:213,0
DA:214,0
DA:215,0
DA:216,0
DA:217,0
DA:218,0
LF:15
LH:0
BRDA:191,0,0,0
BRDA:191,0,1,0
BRDA:191,1,0,0
BRDA:191,1,1,0
BRDA:191,1,2,0
BRDA:191,1,3,0
BRDA:197,2,0,0
BRDA:197,2,1,0
BRF:8
BRH:0
end_of_record
TN:
SF:/Users/abrahamkim/Desktop/odm_fe/src/layout/Comments.vue
FN:65,(anonymous_1)
FN:73,(anonymous_2)
FN:79,(anonymous_3)
FNF:3
FNH:0
FNDA:0,(anonymous_1)
FNDA:0,(anonymous_2)
FNDA:0,(anonymous_3)
DA:61,0
DA:66,0
DA:74,0
DA:80,0
DA:81,0
DA:83,0
LF:6
LH:0
BRDA:80,0,0,0
BRDA:80,0,1,0
BRF:2
BRH:0
end_of_record
TN:
SF:/Users/abrahamkim/Desktop/odm_fe/src/layout/MainFooter.vue
FN:36,(anonymous_1)
FNF:1
FNH:0
FNDA:0,(anonymous_1)
DA:37,0
LF:1
LH:0
BRF:0
BRH:0
end_of_record
TN:
SF:/Users/abrahamkim/Desktop/odm_fe/src/layout/MainHeader.vue
FN:75,(anonymous_1)
FN:78,(anonymous_2)
FN:80,(anonymous_3)
FNF:3
FNH:0
FNDA:0,(anonymous_1)
FNDA:0,(anonymous_2)
FNDA:0,(anonymous_3)
DA:71,0
DA:76,0
DA:81,0
DA:82,0
DA:83,0
DA:84,0
DA:85,0
LF:7
LH:0
BRF:0
BRH:0
end_of_record
TN:
SF:/Users/abrahamkim/Desktop/odm_fe/src/layout/PostForm.vue
FN:90,(anonymous_1)
FN:100,(anonymous_2)
FN:108,(anonymous_3)
FN:113,(anonymous_4)
FNF:4
FNH:0
FNDA:0,(anonymous_1)
FNDA:0,(anonymous_2)
FNDA:0,(anonymous_3)
FNDA:0,(anonymous_4)
DA:86,0
DA:91,0
DA:101,0
DA:102,0
DA:103,0
DA:109,0
DA:110,0
DA:114,0
DA:115,0
DA:116,0
DA:117,0
DA:118,0
LF:12
LH:0
BRDA:101,0,0,0
BRDA:101,0,1,0
BRDA:109,1,0,0
BRDA:109,1,1,0
BRF:4
BRH:0
end_of_record
TN:
SF:/Users/abrahamkim/Desktop/odm_fe/src/router/index.js
FN:16,(anonymous_0)
FN:22,(anonymous_1)
FN:28,(anonymous_2)
FN:36,(anonymous_3)
FN:45,(anonymous_4)
FNF:5
FNH:0
FNDA:0,(anonymous_0)
FNDA:0,(anonymous_1)
FNDA:0,(anonymous_2)
FNDA:0,(anonymous_3)
FNDA:0,(anonymous_4)
DA:5,0
DA:7,0
DA:17,0
DA:23,0
DA:29,0
DA:37,0
DA:46,0
DA:50,0
LF:8
LH:0
BRF:0
BRH:0
end_of_record
TN:
SF:/Users/abrahamkim/Desktop/odm_fe/src/store/index.js
FN:15,(anonymous_0)
FN:16,(anonymous_1)
FN:17,(anonymous_2)
FN:20,(anonymous_3)
FN:23,(anonymous_4)
FN:32,(anonymous_5)
FN:33,(anonymous_6)
FN:39,(anonymous_7)
FN:41,(anonymous_8)
FN:52,(anonymous_9)
FN:54,(anonymous_10)
FN:62,(anonymous_11)
FN:64,(anonymous_12)
FN:72,(anonymous_13)
FN:77,(anonymous_14)
FN:86,(anonymous_15)
FN:89,(anonymous_16)
FN:98,(anonymous_17)
FN:103,(anonymous_18)
FN:114,(anonymous_19)
FN:115,(anonymous_20)
FN:116,(anonymous_21)
FNF:22
FNH:0
FNDA:0,(anonymous_0)
FNDA:0,(anonymous_1)
FNDA:0,(anonymous_2)
FNDA:0,(anonymous_3)
FNDA:0,(anonymous_4)
FNDA:0,(anonymous_5)
FNDA:0,(anonymous_6)
FNDA:0,(anonymous_7)
FNDA:0,(anonymous_8)
FNDA:0,(anonymous_9)
FNDA:0,(anonymous_10)
FNDA:0,(anonymous_11)
FNDA:0,(anonymous_12)
FNDA:0,(anonymous_13)
FNDA:0,(anonymous_14)
FNDA:0,(anonymous_15)
FNDA:0,(anonymous_16)
FNDA:0,(anonymous_17)
FNDA:0,(anonymous_18)
FNDA:0,(anonymous_19)
FNDA:0,(anonymous_20)
FNDA:0,(anonymous_21)
DA:6,0
DA:15,0
DA:16,0
DA:17,0
DA:21,0
DA:22,0
DA:23,0
DA:24,0
DA:25,0
DA:29,0
DA:33,0
DA:34,0
DA:36,0
DA:37,0
DA:38,0
DA:39,0
DA:40,0
DA:41,0
DA:42,0
DA:43,0
DA:44,0
DA:49,0
DA:53,0
DA:54,0
DA:55,0
DA:59,0
DA:63,0
DA:64,0
DA:65,0
DA:69,0
DA:73,0
DA:74,0
DA:75,0
DA:78,0
DA:79,0
DA:83,0
DA:87,0
DA:88,0
DA:89,0
DA:90,0
DA:91,0
DA:95,0
DA:99,0
DA:100,0
DA:101,0
DA:103,0
DA:104,0
DA:105,0
DA:109,0
DA:114,0
DA:115,0
DA:116,0
LF:52
LH:0
BRDA:100,0,0,0
BRDA:100,0,1,0
BRF:2
BRH:0
end_of_record
TN:
SF:/Users/abrahamkim/Desktop/odm_fe/src/views/Home.vue
FN:32,(anonymous_1)
FN:36,(anonymous_2)
FNF:2
FNH:0
FNDA:0,(anonymous_1)
FNDA:0,(anonymous_2)
DA:25,0
DA:33,0
LF:2
LH:0
BRF:0
BRH:0
end_of_record
TN:
SF:/Users/abrahamkim/Desktop/odm_fe/src/views/UserPage.vue
FN:19,(anonymous_1)
FN:26,(anonymous_2)
FNF:2
FNH:0
FNDA:0,(anonymous_1)
FNDA:0,(anonymous_2)
DA:15,0
DA:20,0
DA:27,0
DA:28,0
LF:4
LH:0
BRF:0
BRH:0
end_of_record
